Traceback (most recent call last):
  File "/opt/hostedtoolcache/Python/3.11.9/x64/lib/python3.11/site-packages/jupyter_cache/executors/utils.py", line 58, in single_nb_execution
    executenb(
  File "/opt/hostedtoolcache/Python/3.11.9/x64/lib/python3.11/site-packages/nbclient/client.py", line 1314, in execute
    return NotebookClient(nb=nb, resources=resources, km=km, **kwargs).execute()
           ^^^^^^^^^^^^^^^^^^^^^^^^^^^^^^^^^^^^^^^^^^^^^^^^^^^^^^^^^^^^^^^^^^^^^
  File "/opt/hostedtoolcache/Python/3.11.9/x64/lib/python3.11/site-packages/jupyter_core/utils/__init__.py", line 165, in wrapped
    return loop.run_until_complete(inner)
           ^^^^^^^^^^^^^^^^^^^^^^^^^^^^^^
  File "/opt/hostedtoolcache/Python/3.11.9/x64/lib/python3.11/asyncio/base_events.py", line 654, in run_until_complete
    return future.result()
           ^^^^^^^^^^^^^^^
  File "/opt/hostedtoolcache/Python/3.11.9/x64/lib/python3.11/site-packages/nbclient/client.py", line 709, in async_execute
    await self.async_execute_cell(
  File "/opt/hostedtoolcache/Python/3.11.9/x64/lib/python3.11/site-packages/nbclient/client.py", line 1062, in async_execute_cell
    await self._check_raise_for_error(cell, cell_index, exec_reply)
  File "/opt/hostedtoolcache/Python/3.11.9/x64/lib/python3.11/site-packages/nbclient/client.py", line 918, in _check_raise_for_error
    raise CellExecutionError.from_cell_and_msg(cell, exec_reply_content)
nbclient.exceptions.CellExecutionError: An error occurred while executing the following cell:
------------------
import pyoptinterface as poi
from pyoptinterface import copt

model = copt.Model()
------------------


[0;31m---------------------------------------------------------------------------[0m
[0;31mImportError[0m                               Traceback (most recent call last)
Cell [0;32mIn[1], line 2[0m
[1;32m      1[0m [38;5;28;01mimport[39;00m [38;5;21;01mpyoptinterface[39;00m [38;5;28;01mas[39;00m [38;5;21;01mpoi[39;00m
[0;32m----> 2[0m [38;5;28;01mfrom[39;00m [38;5;21;01mpyoptinterface[39;00m [38;5;28;01mimport[39;00m copt
[1;32m      4[0m model [38;5;241m=[39m copt[38;5;241m.[39mModel()

File [0;32m/opt/hostedtoolcache/Python/3.11.9/x64/lib/python3.11/site-packages/pyoptinterface/copt.py:1[0m
[0;32m----> 1[0m [38;5;28;01mfrom[39;00m [38;5;21;01mpyoptinterface[39;00m[38;5;21;01m.[39;00m[38;5;21;01m_src[39;00m[38;5;21;01m.[39;00m[38;5;21;01mcopt[39;00m [38;5;28;01mimport[39;00m Model, autoload_library
[1;32m      2[0m [38;5;28;01mfrom[39;00m [38;5;21;01mpyoptinterface[39;00m[38;5;21;01m.[39;00m[38;5;21;01m_src[39;00m[38;5;21;01m.[39;00m[38;5;21;01mcopt_model_ext[39;00m [38;5;28;01mimport[39;00m (
[1;32m      3[0m     EnvConfig,
[1;32m      4[0m     Env,
[0;32m   (...)[0m
[1;32m      7[0m     is_library_loaded,
[1;32m      8[0m )
[1;32m     10[0m __all__ [38;5;241m=[39m [
[1;32m     11[0m     [38;5;124m"[39m[38;5;124mModel[39m[38;5;124m"[39m,
[1;32m     12[0m     [38;5;124m"[39m[38;5;124mEnvConfig[39m[38;5;124m"[39m,
[0;32m   (...)[0m
[1;32m     17[0m     [38;5;124m"[39m[38;5;124mis_library_loaded[39m[38;5;124m"[39m,
[1;32m     18[0m ]

File [0;32m/opt/hostedtoolcache/Python/3.11.9/x64/lib/python3.11/site-packages/pyoptinterface/_src/copt.py:7[0m
[1;32m      4[0m [38;5;28;01mfrom[39;00m [38;5;21;01mpathlib[39;00m [38;5;28;01mimport[39;00m Path
[1;32m      5[0m [38;5;28;01mimport[39;00m [38;5;21;01mlogging[39;00m
[0;32m----> 7[0m [38;5;28;01mfrom[39;00m [38;5;21;01m.[39;00m[38;5;21;01mcopt_model_ext[39;00m [38;5;28;01mimport[39;00m RawModel, Env, COPT, load_library
[1;32m      8[0m [38;5;28;01mfrom[39;00m [38;5;21;01m.[39;00m[38;5;21;01mattributes[39;00m [38;5;28;01mimport[39;00m (
[1;32m      9[0m     VariableAttribute,
[1;32m     10[0m     ConstraintAttribute,
[0;32m   (...)[0m
[1;32m     13[0m     TerminationStatusCode,
[1;32m     14[0m )
[1;32m     15[0m [38;5;28;01mfrom[39;00m [38;5;21;01m.[39;00m[38;5;21;01mcore_ext[39;00m [38;5;28;01mimport[39;00m ConstraintType, VariableIndex, ObjectiveSense

[0;31mImportError[0m: ModuleNotFoundError: No module named 'core_ext'

