Traceback (most recent call last):
  File "/opt/hostedtoolcache/Python/3.12.7/x64/lib/python3.12/site-packages/jupyter_cache/executors/utils.py", line 58, in single_nb_execution
    executenb(
  File "/opt/hostedtoolcache/Python/3.12.7/x64/lib/python3.12/site-packages/nbclient/client.py", line 1314, in execute
    return NotebookClient(nb=nb, resources=resources, km=km, **kwargs).execute()
           ^^^^^^^^^^^^^^^^^^^^^^^^^^^^^^^^^^^^^^^^^^^^^^^^^^^^^^^^^^^^^^^^^^^^^
  File "/opt/hostedtoolcache/Python/3.12.7/x64/lib/python3.12/site-packages/jupyter_core/utils/__init__.py", line 165, in wrapped
    return loop.run_until_complete(inner)
           ^^^^^^^^^^^^^^^^^^^^^^^^^^^^^^
  File "/opt/hostedtoolcache/Python/3.12.7/x64/lib/python3.12/asyncio/base_events.py", line 687, in run_until_complete
    return future.result()
           ^^^^^^^^^^^^^^^
  File "/opt/hostedtoolcache/Python/3.12.7/x64/lib/python3.12/site-packages/nbclient/client.py", line 709, in async_execute
    await self.async_execute_cell(
  File "/opt/hostedtoolcache/Python/3.12.7/x64/lib/python3.12/site-packages/nbclient/client.py", line 1062, in async_execute_cell
    await self._check_raise_for_error(cell, cell_index, exec_reply)
  File "/opt/hostedtoolcache/Python/3.12.7/x64/lib/python3.12/site-packages/nbclient/client.py", line 918, in _check_raise_for_error
    raise CellExecutionError.from_cell_and_msg(cell, exec_reply_content)
nbclient.exceptions.CellExecutionError: An error occurred while executing the following cell:
------------------
import math
import pyoptinterface as poi
from pyoptinterface import nlfunc, ipopt

model = ipopt.Model()

def branch_flow(vars, params):
    G, B, Bc = params.G, params.B, params.Bc
    Vi, Vj, theta_i, theta_j, Pij, Qij, Pji, Qji = (
        vars.Vi,
        vars.Vj,
        vars.theta_i,
        vars.theta_j,
        vars.Pij,
        vars.Qij,
        vars.Pji,
        vars.Qji,
    )

    sin_ij = nlfunc.sin(theta_i - theta_j)
    cos_ij = nlfunc.cos(theta_i - theta_j)

    Pij_eq = G * Vi**2 - Vi * Vj * (G * cos_ij + B * sin_ij) - Pij
    Qij_eq = -(B + Bc) * Vi**2 - Vi * Vj * (G * sin_ij - B * cos_ij) - Qij
    Pji_eq = G * Vj**2 - Vi * Vj * (G * cos_ij - B * sin_ij) - Pji
    Qji_eq = -(B + Bc) * Vj**2 - Vi * Vj * (-G * sin_ij - B * cos_ij) - Qji

    return [Pij_eq, Qij_eq, Pji_eq, Qji_eq]

bf = model.register_function(branch_flow)
------------------


[0;31m---------------------------------------------------------------------------[0m
[0;31mModuleNotFoundError[0m                       Traceback (most recent call last)
Cell [0;32mIn[1], line 3[0m
[1;32m      1[0m [38;5;28;01mimport[39;00m [38;5;21;01mmath[39;00m
[1;32m      2[0m [38;5;28;01mimport[39;00m [38;5;21;01mpyoptinterface[39;00m [38;5;28;01mas[39;00m [38;5;21;01mpoi[39;00m
[0;32m----> 3[0m [38;5;28;01mfrom[39;00m [38;5;21;01mpyoptinterface[39;00m [38;5;28;01mimport[39;00m nlfunc, ipopt
[1;32m      5[0m model [38;5;241m=[39m ipopt[38;5;241m.[39mModel()
[1;32m      7[0m [38;5;28;01mdef[39;00m [38;5;21mbranch_flow[39m([38;5;28mvars[39m, params):

File [0;32m/opt/hostedtoolcache/Python/3.12.7/x64/lib/python3.12/site-packages/pyoptinterface/ipopt.py:1[0m
[0;32m----> 1[0m [38;5;28;01mfrom[39;00m [38;5;21;01mpyoptinterface[39;00m[38;5;21;01m.[39;00m[38;5;21;01m_src[39;00m[38;5;21;01m.[39;00m[38;5;21;01mipopt[39;00m [38;5;28;01mimport[39;00m Model
[1;32m      2[0m [38;5;28;01mfrom[39;00m [38;5;21;01mpyoptinterface[39;00m[38;5;21;01m.[39;00m[38;5;21;01m_src[39;00m[38;5;21;01m.[39;00m[38;5;21;01mipopt_model_ext[39;00m [38;5;28;01mimport[39;00m (
[1;32m      3[0m     ApplicationReturnStatus,
[1;32m      4[0m     load_library,
[1;32m      5[0m     is_library_loaded,
[1;32m      6[0m )
[1;32m      8[0m __all__ [38;5;241m=[39m [[38;5;124m"[39m[38;5;124mModel[39m[38;5;124m"[39m, [38;5;124m"[39m[38;5;124mApplicationReturnStatus[39m[38;5;124m"[39m, [38;5;124m"[39m[38;5;124mload_library[39m[38;5;124m"[39m, [38;5;124m"[39m[38;5;124mis_library_loaded[39m[38;5;124m"[39m]

File [0;32m/opt/hostedtoolcache/Python/3.12.7/x64/lib/python3.12/site-packages/pyoptinterface/_src/ipopt.py:7[0m
[1;32m      4[0m [38;5;28;01mimport[39;00m [38;5;21;01mplatform[39;00m
[1;32m      5[0m [38;5;28;01mfrom[39;00m [38;5;21;01mtyping[39;00m [38;5;28;01mimport[39;00m Optional, Dict, Set
[0;32m----> 7[0m [38;5;28;01mfrom[39;00m [38;5;21;01mllvmlite[39;00m [38;5;28;01mimport[39;00m ir
[1;32m      9[0m [38;5;28;01mfrom[39;00m [38;5;21;01m.[39;00m[38;5;21;01mipopt_model_ext[39;00m [38;5;28;01mimport[39;00m RawModel, ApplicationReturnStatus, load_library
[1;32m     10[0m [38;5;28;01mfrom[39;00m [38;5;21;01m.[39;00m[38;5;21;01mcodegen_c[39;00m [38;5;28;01mimport[39;00m generate_csrc_prelude, generate_csrc_from_graph

[0;31mModuleNotFoundError[0m: No module named 'llvmlite'

